--- samba_3.6.25.bb	2016-05-26 21:05:02.000000000 +0200
+++ samba_4.4.2.bb	2016-05-26 08:48:31.000000000 +0200
@@ -1,304 +1,320 @@
-LICENSE = "GPLv3"
-LIC_FILES_CHKSUM = "file://../COPYING;md5=d32239bcb673463ab874e80d47fae504"
-
 SECTION = "console/network"
-DEPENDS = "readline virtual/libiconv zlib popt libpam libtalloc attr avahi"
-
-PR = "r6"
 
-inherit autotools-brokensep update-rc.d
+LICENSE = "GPL-3.0+ & LGPL-3.0+ & GPL-2.0+"
+LIC_FILES_CHKSUM = "file://COPYING;md5=d32239bcb673463ab874e80d47fae504 \
+                    file://${COREBASE}/meta/files/common-licenses/LGPL-3.0;md5=bfccfe952269fff2b407dd11f2f3083b \
+                    file://${COREBASE}/meta/files/common-licenses/GPL-2.0;md5=801f80980d171dd6425610833a22dbe6 "
 
 SAMBA_MIRROR = "http://samba.org/samba/ftp"
-
-MIRRORS += "\ 
+MIRRORS += "\
 ${SAMBA_MIRROR}    http://mirror.internode.on.net/pub/samba \n \
 ${SAMBA_MIRROR}    http://www.mirrorservice.org/sites/ftp.samba.org \n \
 "
 
 SRC_URI = "${SAMBA_MIRROR}/stable/samba-${PV}.tar.gz \
-           file://100-configure_fixes.patch;patchdir=.. \
-           file://110-multicall.patch;patchdir=.. \
-           file://111-owrt_smbpasswd.patch;patchdir=.. \
-           file://120-add_missing_ifdef.patch;patchdir=.. \
-           file://200-remove_printer_support.patch;patchdir=.. \
-           file://210-remove_ad_support.patch;patchdir=.. \
-           file://220-remove_services.patch;patchdir=.. \
-           file://230-remove_winreg_support.patch;patchdir=.. \
-           file://240-remove_dfs_api.patch;patchdir=.. \
-           file://250-remove_domain_logon.patch;patchdir=.. \
-           file://260-remove_samr.patch;patchdir=.. \
-           file://270-remove_registry_backend.patch;patchdir=.. \
-           file://280-strip_srvsvc.patch;patchdir=.. \
-           file://290-remove_lsa.patch;patchdir=.. \
-           file://300-assert_debug_level.patch;patchdir=.. \
-           file://310-remove_error_strings.patch;patchdir=.. \
-           file://320-debug_level_checks.patch;patchdir=.. \
-           file://330-librpc_default_print.patch;patchdir=.. \
-           file://smb.conf \
-           file://init.samba \
-           file://upgrade \
-           file://pam.samba \
-           file://users.map \
-           file://smbpasswd \
-"
-
-SRC_URI[md5sum] = "76da2fa64edd94a0188531e7ecb27c4e"
-SRC_URI[sha256sum] = "8f2c8a7f2bd89b0dfd228ed917815852f7c625b2bc0936304ac3ed63aaf83751"
-
-SAMBAMMAP = "no"
-SAMBAMMAP_libc-glibc = "yes"
-
-# The file system settings --foodir=dirfoo and overridden unconditionally
-# in the samba config by --with-foodir=dirfoo - even if the --with is not
-# specified!  Fix that here.  Set the privatedir to /etc/samba/private.
-EXTRA_OECONF="--exec-prefix=/usr \
-              --with-readline=${STAGING_LIBDIR}/.. \
-              --with-libiconv=${STAGING_LIBDIR}/.. \
-              --enable-avahi \
-              --disable-cups \
-              --disable-pie \
-              --disable-relro \
-              --disable-static \
-              --disable-shared-libs \
-              --enable-shared \
-              --with-configdir=${sysconfdir}/samba \
-              --with-privatedir=${sysconfdir}/samba/private \
-              --with-lockdir=${localstatedir}/lock \
-              --with-piddir=${localstatedir}/run \
-              --with-logfilebase=${localstatedir}/log \
-              --with-codepagedir=${libdir}/samba \
-              --with-swatdir=${datadir}/swat \
-              --with-included-iniparser \
-              --with-included-popt \
-              --with-sendfile-support \
-              --without-acl-support \
-              --without-cluster-support \
-              --without-ads \
-              --with-pam \
-              --without-krb5 \
-              --without-ldap \
-              --without-winbind \
-              --without-libtdb \
-              --without-libnetapi \
-              --with-libsmbclient \
-              --without-libsmbsharemodes \
-              --without-libtevent \
-              --without-libaddns \
-              --with-shared-modules=pdb_tdbsam,pdb_wbc_sam,idmap_nss,nss_info_template,auth_winbind,auth_wbc,auth_domain \
-              ac_cv_path_PYTHON=/not/exist \
-              ac_cv_path_PYTHON_CONFIG=/not/exist \
-              ac_cv_file__proc_sys_kernel_core_pattern=yes \
-              libreplace_cv_HAVE_C99_VSNPRINTF=yes \
-              libreplace_cv_HAVE_GETADDRINFO=yes \
-              libreplace_cv_HAVE_GETTIMEOFDAY_TZ=yes \
-              libreplace_cv_HAVE_IFACE_AIX=no \
-              libreplace_cv_HAVE_IFACE_GETIFADDRS=yes \
-              libreplace_cv_HAVE_IFACE_IFCONF=yes \
-              libreplace_cv_HAVE_IPV6=yes \
-              libreplace_cv_HAVE_MMAP=yes \
-              libreplace_cv_HAVE_SECURE_MKSTEMP=yes \
-              libreplace_cv_REPLACE_INET_NTOA=no \
-              LINUX_LFS_SUPPORT=yes \
-              samba_path_PYTHON="" \
-              samba_cv_CC_NEGATIVE_ENUM_VALUES=yes \
-              samba_cv_HAVE_GETADDRINFO=yes \
-              samba_cv_HAVE_IFACE_GETIFADDRS=yes \
-              samba_cv_HAVE_IFACE_IFCONF=yes \
-              samba_cv_HAVE_BROKEN_FCNTL64_LOCKS=no \
-              samba_cv_HAVE_BROKEN_GETGROUPS=no \
-              samba_cv_HAVE_BROKEN_READDIR_NAME=no \
-              samba_cv_HAVE_BROKEN_READLINK=no \
-              samba_cv_HAVE_DEV64_T=no \
-              samba_cv_HAVE_DEVICE_MAJOR_FN=yes \
-              samba_cv_HAVE_DEVICE_MINOR_FN=yes \
-              samba_cv_HAVE_errwarn=no \
-              samba_cv_HAVE_FCNTL_LOCK=yes \
-              samba_cv_HAVE_FTRUNCATE_EXTEND=yes \
-              samba_cv_HAVE_INO64_T=no \
-              samba_cv_HAVE_KERNEL_CHANGE_NOTIFY=no \
-              samba_cv_HAVE_KERNEL_OPLOCKS_LINUX=yes \
-              samba_cv_HAVE_KERNEL_SHARE_MODES=yes \
-              samba_cv_have_longlong=yes \
-              samba_cv_HAVE_MAKEDEV=yes \
-              samba_cv_HAVE_OFF64_T=no \
-              samba_cv_HAVE_qhalt=no \
-              samba_cv_have_setresgid=yes \
-              samba_cv_have_setresuid=yes \
-              samba_cv_HAVE_STRUCT_FLOCK64=yes \
-              samba_cv_HAVE_TRUNCATED_SALT=no \
-              samba_cv_HAVE_UNSIGNED_CHAR=no \
-              samba_cv_HAVE_w2=no \
-              samba_cv_HAVE_Wdeclaration_after_statement=yes \
-              samba_cv_HAVE_Werror_implicit_function_declaration=yes \
-              samba_cv_HAVE_Werror=yes \
-              samba_cv_HAVE_WRFILE_KEYTAB=no \
-              samba_cv_linux_getgrouplist_ok=no \
-              samba_cv_REALPATH_TAKES_NULL=yes \
-              samba_cv_SIZEOF_DEV_T=yes \
-              samba_cv_SIZEOF_INO_T=yes \
-              samba_cv_SIZEOF_OFF_T=yes \
-              samba_cv_SIZEOF_TIME_T=no \
-              samba_cv_TIME_T_MAX=no \
-              samba_cv_USE_SETRESUID=yes \
-              samba_cv_USE_SETREUID=yes \
-              samba_sys_stat_statvfs64=yes \
-              vfsfileid_cv_statfs=yes \
-"
-
-PACKAGES =+ "smbfs smbfs-doc ${PN}-base smbclient ${PN}-base-vfs ${PN}-base-dbg ${PN}-advanced ${PN}server winbind libwinbind libnss-winbind swat libsmbclient"
-PACKAGECONFIG[talloc] = "--enable-external-libtalloc --with-libtalloc, --disable-external-libtalloc --without-libtalloc, talloc"
-
-FILES_${PN}-base       = "${sbindir}/samba_multicall ${sbindir}/smbd ${sbindir}/nmbd \
-                          ${bindir}/smbpasswd ${sysconfdir}/init.d/samba \
-                          ${sysconfdir}/samba/smb.conf ${sysconfdir}/samba/private \
-                          ${libdir}/samba/*.dat ${base_libdir}/security/pam_smbpass.so \
-                          ${sysconfdir}/pam.d/samba"
-FILES_${PN}-base-vfs  += "${libdir}/vfs"
-FILES_${PN}-base-dbg  += "${base_libdir}/security/.debug/pam_smbpass.so"
+           file://00-fix-typos-in-man-pages.patch \
+           file://16-do-not-check-xsltproc-manpages.patch \
+           file://20-do-not-import-target-module-while-cross-compile.patch \
+           file://21-add-config-option-without-valgrind.patch \
+           file://0006-avoid-using-colon-in-the-checking-msg.patch \
+           file://volatiles.03_samba \
+          "
+
+SRC_URI[md5sum] = "03a65a3adf08ceb1636ad59d234d7f9d"
+SRC_URI[sha256sum] = "eaecd41a85ebb9507b8db9856ada2a949376e9d53cf75664b5493658f6e5926a"
+
+inherit systemd waf-samba cpan-base perlnative
+# remove default added RDEPENDS on perl
+RDEPENDS_${PN}_remove = "perl"
+
+DEPENDS += "readline virtual/libiconv zlib popt libtalloc libtdb libtevent libldb krb5 libbsd libaio"
+
+SYSVINITTYPE_linuxstdbase = "lsb"
+SYSVINITTYPE = "sysv"
+
+PACKAGECONFIG ??= "${@bb.utils.contains('DISTRO_FEATURES', 'pam', 'pam', '', d)} \
+                   ${@bb.utils.contains('DISTRO_FEATURES', 'sysvinit', '${SYSVINITTYPE}', '', d)} \
+                   ${@bb.utils.contains('DISTRO_FEATURES', 'systemd', 'systemd', '', d)} \
+                   ${@bb.utils.contains('DISTRO_FEATURES', 'zeroconf', 'zeroconf', '', d)} \
+                   acl cups ldap \
+"
 
-FILES_smbclient        = "${bindir}/smbclient"
-FILES_libsmbclient     = "${libdir}/libsmbclient.so.*"
-FILES_libsmbclient-dev = "${libdir}/libsmbclient.so ${includedir}"
+RDEPENDS_${PN}-base += "${@bb.utils.contains('PACKAGECONFIG', 'lsb', 'lsb', '', d)}"
+RDEPENDS_${PN}-ctdb-tests += "bash"
+
+PACKAGECONFIG[acl] = "--with-acl-support,--without-acl-support,acl"
+PACKAGECONFIG[fam] = "--with-fam,--without-fam,gamin"
+PACKAGECONFIG[pam] = "--with-pam --with-pammodulesdir=${base_libdir}/security,--without-pam,libpam"
+PACKAGECONFIG[lsb] = ",,lsb"
+PACKAGECONFIG[sysv] = ",,sysvinit"
+PACKAGECONFIG[cups] = "--enable-cups,--disable-cups,cups"
+PACKAGECONFIG[ldap] = "--with-ldap,--without-ldap,openldap"
+PACKAGECONFIG[sasl] = ",,cyrus-sasl"
+PACKAGECONFIG[systemd] = "--with-systemd,--without-systemd,systemd"
+PACKAGECONFIG[dmapi] = "--with-dmapi,--without-dmapi,dmapi"
+PACKAGECONFIG[zeroconf] = "--enable-avahi,--disable-avahi,avahi"
+PACKAGECONFIG[valgrind] = ",--without-valgrind,valgrind,"
+PACKAGECONFIG[lttng] = "--with-lttng, --without-lttng,lttng-ust"
+PACKAGECONFIG[archive] = "--with-libarchive, --without-libarchive, libarchive"
+
+
+SAMBA4_IDMAP_MODULES="idmap_ad,idmap_rid,idmap_adex,idmap_hash,idmap_tdb2"
+SAMBA4_PDB_MODULES="pdb_tdbsam,${@bb.utils.contains('PACKAGECONFIG', 'ldap', 'pdb_ldap,', '', d)}pdb_ads,pdb_smbpasswd,pdb_wbc_sam,pdb_samba4"
+SAMBA4_AUTH_MODULES="auth_unix,auth_wbc,auth_server,auth_netlogond,auth_script,auth_samba4"
+SAMBA4_MODULES="${SAMBA4_IDMAP_MODULES},${SAMBA4_PDB_MODULES},${SAMBA4_AUTH_MODULES}"
+
+SAMBA4_LIBS="heimdal,!zlib,!popt,!talloc,!pytalloc,!pytalloc-util,!tevent,!pytevent,!tdb,!pytdb,!ldb,!pyldb"
+
+EXTRA_OECONF += "--enable-fhs \
+                 --with-piddir=/run \
+                 --with-sockets-dir=/run/samba \
+                 --with-modulesdir=${libdir}/samba \
+                 --with-lockdir=${localstatedir}/lib/samba \
+                 --with-cachedir=${localstatedir}/lib/samba \
+                 --disable-gnutls \
+                 --disable-rpath-install \
+                 --with-shared-modules=${SAMBA4_MODULES} \
+                 --bundled-libraries=${SAMBA4_LIBS} \
+                 --with-system-mitkrb5 \
+                 --without-ad-dc \
+                 ${@base_conditional('TARGET_ARCH', 'x86_64', '', '--disable-glusterfs', d)} \
+                 --with-cluster-support \
+                 --with-profiling-data \
+                 --with-libiconv=${STAGING_DIR_HOST}${prefix} \
+                "
+DISABLE_STATIC = ""
 
-FILES_swat             = "${sbindir}/swat ${datadir}/swat ${libdir}/samba/*.msg"
+LDFLAGS += "-Wl,-z,relro,-z,now"
 
-FILES_winbind         += "${bindir}/ntlm_auth"
-FILES_${PN}-advanced   = "${bindir}/net ${bindir}/profiles ${bindir}/rpcclient ${bindir}/smbcacls ${bindir}/smbcquotas ${bindir}/smbget ${bindir}/smbtar ${libdir}/pdb ${libdir}/rpc/*"
-FILES_libpopt          = ""
-FILES_libwinbind       = ""
-FILES_libnss-winbind   = ""
-FILES_${PN}server      = "${sysconfdir}/init.d/upgrade"
-
-ALLOW_EMPTY_libpopt         = "1"
-ALLOW_EMPTY_${PN}-base-vfs  = "1"
-ALLOW_EMPTY_libwinbind      = "1"
-ALLOW_EMPTY_libnss-winbind  = "1"
-ALLOW_EMPTY_${PN}server     = "1"
-
-CFLAGS      += '-fPIC -DHAVE_IPV6=1 -DMAX_DEBUG_LEVEL=-1 -ffunction-sections -fdata-sections -ltalloc'
-LDFLAGS     += "-Wl,--gc-sections"
-EXTRA_OEMAKE+= "DYNEXP= PICFLAG= MODULES="
-
-INITSCRIPT_PACKAGES = "${PN}-base"
-INITSCRIPT_NAME_${PN}-base = "samba"
-INITSCRIPT_PARAMS = "defaults"
-CONFFILES_${PN}-base = "${sysconfdir}/samba/smb.conf ${sysconfdir}/samba/private/users.map ${sysconfdir}/samba/private/smbpasswd"
-
-S = "${WORKDIR}/samba-${PV}/source3"
-
-do_configure() {
-    ./script/mkversion.sh
-    if [ ! -e acinclude.m4 ]; then
-        touch aclocal.m4    
-        cat aclocal.m4 > acinclude.m4
+do_install_append() {
+    if ${@bb.utils.contains('PACKAGECONFIG', 'systemd', 'true', 'false', d)}; then
+        install -d ${D}${systemd_unitdir}/system
+        for i in nmb smb winbind; do
+            install -m 0644 packaging/systemd/$i.service ${D}${systemd_unitdir}/system
+        done
+        sed -i 's,\(ExecReload=\).*\(/kill\),\1${base_bindir}\2,' ${D}${systemd_unitdir}/system/*.service
+
+        install -d ${D}${sysconfdir}/tmpfiles.d
+        install -m644 packaging/systemd/samba.conf.tmp ${D}${sysconfdir}/tmpfiles.d/samba.conf
+        echo "d ${localstatedir}/log/samba 0755 root root -" \
+            >> ${D}${sysconfdir}/tmpfiles.d/samba.conf
+    elif ${@bb.utils.contains('PACKAGECONFIG', 'lsb', 'true', 'false', d)}; then
+        install -d ${D}${sysconfdir}/init.d
+        install -m 0755 packaging/LSB/samba.sh ${D}${sysconfdir}/init.d
+        update-rc.d -r ${D} samba.sh start 20 3 5 .
+        update-rc.d -r ${D} samba.sh start 20 0 1 6 .
+    elif ${@bb.utils.contains('PACKAGECONFIG', 'sysv', 'true', 'false', d)}; then
+        install -d ${D}${sysconfdir}/init.d
+        install -m 0755 packaging/sysv/samba.init ${D}${sysconfdir}/init.d/samba.sh
+        sed -e 's,/opt/samba/bin,${sbindir},g' \
+            -e 's,/opt/samba/smb.conf,${sysconfdir}/samba/smb.conf,g' \
+            -e 's,/opt/samba/log,${localstatedir}/log/samba,g' \
+            -e 's,/etc/init.d/samba.server,${sysconfdir}/init.d/samba.sh,g' \
+            -i ${D}${sysconfdir}/init.d/samba.sh
+        update-rc.d -r ${D} samba.sh start 20 3 5 .
+        update-rc.d -r ${D} samba.sh start 20 0 1 6 .
     fi
-    gnu-configize --force
-    oe_runconf
-}
 
-do_compile () {
-    sed -i 's/Globals\.maxprotocol = PROTOCOL_NT1;/Globals.maxprotocol = PROTOCOL_SMB2;/' ${S}/param/loadparm.c
-    base_do_compile
+    install -d ${D}${sysconfdir}/samba
+    echo "127.0.0.1 localhost" > ${D}${sysconfdir}/samba/lmhosts
+    install -m644 packaging/LSB/smb.conf ${D}${sysconfdir}/samba/smb.conf
+    install -D -m 644 ${WORKDIR}/volatiles.03_samba ${D}${sysconfdir}/default/volatiles/03_samba
+
+    install -d ${D}${sysconfdir}/sysconfig/
+    install -m644 packaging/systemd/samba.sysconfig ${D}${sysconfdir}/sysconfig/samba
+
+    rm -rf ${D}/run ${D}${localstatedir}/run
 }
 
-PACKAGECONFIG ??= ""
+PACKAGES += "${PN}-python ${PN}-python-dbg ${PN}-pidl libwinbind libwinbind-dbg libwinbind-krb5-locator"
+PACKAGES =+ "libwbclient libnss-winbind winbind winbind-dbg libnetapi libsmbsharemodes \
+             libsmbclient libsmbclient-dev lib${PN}-base ${PN}-base ${PN}-ctdb-tests"
+
+RDEPENDS_${PN} += "${PN}-base"
+
+FILES_${PN}-base = "${sbindir}/nmbd \
+                    ${sbindir}/smbd \
+                    ${sysconfdir}/init.d \
+                    ${localstatedir}/lib/samba \
+                    ${localstatedir}/log/samba \
+                    ${localstatedir}/nmbd \
+                    ${localstatedir}/spool/samba \
+"
 
-do_install_append() {
-    rmdir "${D}${localstatedir}/lock"
-    rmdir "${D}${localstatedir}/run"
-    rmdir --ignore-fail-on-non-empty "${D}${localstatedir}"
-    rm -f ${D}${bindir}/*.old
-    rm -f ${D}${sbindir}/*.old
-
-    ln -sf ./samba_multicall ${D}${sbindir}/smbd
-    ln -sf ./samba_multicall ${D}${sbindir}/nmbd
-    ln -sf ../sbin/samba_multicall ${D}${bindir}/smbpasswd
-    
-    install -D -m 755 ${WORKDIR}/init.samba ${D}${sysconfdir}/init.d/samba
-    install -D -m 755 ${WORKDIR}/upgrade ${D}${sysconfdir}/init.d/upgrade
-    install -D -m 644 ${WORKDIR}/smb.conf ${D}${sysconfdir}/samba/smb.conf
-    install -D -m 600 ${WORKDIR}/users.map ${D}${sysconfdir}/samba/private/users.map
-    install -D -m 600 ${WORKDIR}/smbpasswd ${D}${sysconfdir}/samba/private/smbpasswd
-    install -D -m 644 ${WORKDIR}/pam.samba ${D}${sysconfdir}/pam.d/samba
-
-    rmdir --ignore-fail-on-non-empty ${D}${base_sbindir} || true
-    sed -i -e '1s,#!.*perl,#!${USRBINPATH}/env perl,' ${D}${bindir}/findsmb
-
-    # Remove sysinit script if sysvinit is not in DISTRO_FEATURES
-    if ${@bb.utils.contains('DISTRO_FEATURES', 'sysvinit', 'false', 'true', d)}; then
-        rm -rf ${D}${sysconfdir}/init.d/
-    fi
+FILES_${PN}-ctdb-tests = "${bindir}/ctdb_run_tests \
+                          ${libdir}/ctdb-tests \
+                          ${datadir}/ctdb-tests \
+                          /run/ctdb \
+                         "
+
+# figured out by
+# FILES="tmp/work/cortexa9hf-vfp-neon-poky-linux-gnueabi/samba/4.1.12-r0/image/usr/sbin/smbd tmp/work/cortexa9hf-vfp-neon-poky-linux-gnueabi/samba/4.1.12-r0/image/usr/sbin/nmbd"
+#
+# while [ "${FILES}" != "${OLDFILES}" ]
+# do
+#     OLDFILES="${FILES}"
+#     NEEDED=`tmp/sysroots/x86_64-linux/usr/libexec/arm-poky-linux-gnueabi.gcc-cross-initial-arm/gcc/arm-poky-linux-gnueabi/5.2.0/objdump -x ${FILES} | grep NEEDED | egrep -E 'so(.[0-9]|$)' | sort -u | perl -MData::Dumper -le 'while (<>) {chomp; push @lib, (split)[1]}; print "(", join("|", @lib), ")"'`
+#     NF=`find tmp/work/cortexa9hf-vfp-neon-poky-linux-gnueabi/samba/4.1.12-r0/image/usr/lib -type f | egrep "${NEEDED}" | sort -u`
+#
+#     FILES=`perl -le 'foreach (@ARGV) { $f{$_}++ }; print join(" ", sort keys %f)' ${FILES} ${NF}`
+# done
+#
+# LIBS=`echo ${FILES} | sed -e 's,tmp/work/cortexa9hf-vfp-neon-poky-linux-gnueabi/samba/4.1.12-r0/image/usr/lib,${libdir},g' -e 's,.so.[0-9]+.*$,.so.*,g'`
+# for l in ${LIBS}
+# do
+#     echo $l
+# done
+
+FILES_lib${PN}-base = "\
+                    ${sysconfdir}/default \
+                    ${sysconfdir}/samba \
+                    ${libdir}/libdcerpc-binding.so.* \
+                    ${libdir}/libgensec.so.* \
+                    ${libdir}/libndr-krb5pac.so.* \
+                    ${libdir}/libndr-nbt.so.* \
+                    ${libdir}/libndr-standard.so.* \
+                    ${libdir}/libndr.so.* \
+                    ${libdir}/libnetapi.so.* \
+                    ${libdir}/libpdb.so.* \
+                    ${libdir}/libsamba-credentials.so.* \
+                    ${libdir}/libsamba-hostconfig.so.* \
+                    ${libdir}/libsamba-util.so.* \
+                    ${libdir}/libsamdb.so.* \
+                    ${libdir}/libsmbconf.so.* \
+                    ${libdir}/libtevent-util.so.* \
+                    ${libdir}/samba/libCHARSET3.so \
+                    ${libdir}/samba/libaddns.so \
+                    ${libdir}/samba/libads.so \
+                    ${libdir}/samba/libasn1util.so \
+                    ${libdir}/samba/libauth.so \
+                    ${libdir}/samba/libauth_sam_reply.so \
+                    ${libdir}/samba/libauthkrb5.so \
+                    ${libdir}/samba/libccan.so \
+                    ${libdir}/samba/libcli-ldap-common.so \
+                    ${libdir}/samba/libcli-nbt.so \
+                    ${libdir}/samba/libcli_cldap.so \
+                    ${libdir}/samba/libcli_smb_common.so \
+                    ${libdir}/samba/libcli_spoolss.so \
+                    ${libdir}/samba/libcliauth.so \
+                    ${libdir}/samba/libdbwrap.so \
+                    ${libdir}/samba/libdcerpc-samba.so \
+                    ${libdir}/samba/liberrors.so \
+                    ${libdir}/samba/libflag_mapping.so \
+                    ${libdir}/samba/libgse.so \
+                    ${libdir}/samba/libinterfaces.so \
+                    ${libdir}/samba/libkrb5samba.so \
+                    ${libdir}/samba/libldbsamba.so \
+                    ${libdir}/samba/liblibcli_lsa3.so \
+                    ${libdir}/samba/liblibcli_netlogon3.so \
+                    ${libdir}/samba/liblibsmb.so \
+                    ${libdir}/samba/libmsrpc3.so \
+                    ${libdir}/samba/libndr-samba.so \
+                    ${libdir}/samba/libndr-samba4.so \
+                    ${libdir}/samba/libnpa_tstream.so \
+                    ${libdir}/samba/libntdb.so.* \
+                    ${libdir}/samba/libpopt_samba3.so \
+                    ${libdir}/samba/libprinting_migrate.so \
+                    ${libdir}/samba/libsamba-modules.so \
+                    ${libdir}/samba/libsamba-security.so \
+                    ${libdir}/samba/libsamba-sockets.so \
+                    ${libdir}/samba/libsamba3-util.so \
+                    ${libdir}/samba/libsamdb-common.so \
+                    ${libdir}/samba/libsecrets3.so \
+                    ${libdir}/samba/libserver-role.so \
+                    ${libdir}/samba/libsmb_transport.so \
+                    ${libdir}/samba/libsmbd_base.so \
+                    ${libdir}/samba/libsmbd_conn.so \
+                    ${libdir}/samba/libsmbd_shim.so \
+                    ${libdir}/samba/libsmbregistry.so \
+                    ${libdir}/samba/libtdb-wrap.so \
+                    ${libdir}/samba/libutil_cmdline.so \
+                    ${libdir}/samba/libutil_ntdb.so \
+                    ${libdir}/samba/libutil_reg.so \
+                    ${libdir}/samba/libutil_setid.so \
+                    ${libdir}/samba/libutil_tdb.so \
+                    ${libdir}/samba/pdb/smbpasswd.so \
+                    ${libdir}/samba/pdb/tdbsam.so \
+                    ${libdir}/samba/pdb/wbc_sam.so \
+"
 
-    mkdir -p ${D}${base_libdir}
-    mv ${D}${libdir}/security ${D}${base_libdir} || true
+FILES_winbind-dbg = "${libdir}/idmap/.debug/*.so \
+                     ${libdir}/security/.debug/pam_winbind.so \
+"
 
+FILES_${PN} += "${libdir}/vfs/*.so \
+                ${libdir}/charset/*.so \
+                ${libdir}/*.dat \
+                ${libdir}/auth/*.so \
+                ${libdir}/security/pam_smbpass.so \
+"
 
-    # Silence warnings - Delete empty directories (Removed features)
-    rmdir --ignore-fail-on-non-empty ${D}${libdir}/auth || true
-    rmdir --ignore-fail-on-non-empty ${D}${libdir}/charset || true
-    rmdir --ignore-fail-on-non-empty ${D}${libdir}/vfs || true
-
-    # Former package libwinbind
-    rmdir --ignore-fail-on-non-empty ${D}${libdir}/idmap || true
-    rmdir --ignore-fail-on-non-empty ${D}${libdir}/gpext || true
-    rmdir --ignore-fail-on-non-empty ${D}${libdir}/perfcount || true
+FILES_${PN}-dbg += "${libdir}/vfs/.debug/*.so \
+                    ${libdir}/charset/.debug/*.so \
+                    ${libdir}/auth/.debug/*.so \
+                    ${libdir}/security/.debug/pam_smbpass.so \
+"
 
-    # Former package libnss-winbind
-    rmdir --ignore-fail-on-non-empty ${D}${libdir}/nss_info || true
-}
+FILES_libwbclient = "${libdir}/libwbclient.so.* ${libdir}/samba/libwinbind-client.so"
+FILES_libnetapi = "${libdir}/libnetapi.so.*"
+FILES_libsmbsharemodes = "${libdir}/libsmbsharemodes.so.*"
+FILES_libsmbclient = "${libdir}/libsmbclient.so.*"
+FILES_libsmbclient-dev = "${libdir}/libsmbclient.so ${includedir}"
+FILES_winbind = "${sbindir}/winbindd \
+                 ${bindir}/wbinfo \
+                 ${bindir}/ntlm_auth \
+                 ${sysconfdir}/init.d/winbind \
+                 ${systemd_unitdir}/system/winbind.service \
+"
 
-pkg_prerm_${PN}-base_prepend() {
-#!/bin/sh
-grep -v 'pam_smbpass.so' $D/etc/pam.d/common-password > $D/tmp/common-password
-mv $D/tmp/common-password $D/etc/pam.d/common-password
-}
+FILES_libnss-winbind = "${libdir}/libnss_*${SOLIBS} \
+                        ${libdir}/nss_info \
+"
 
-pkg_postinst_${PN}-base_prepend() {
-#!/bin/sh
+FILES_${PN} += "${base_libdir}/security/pam_smbpass.so \
+"
 
-grep -v 'pam_smbpass.so' $D/etc/pam.d/common-password > $D/tmp/common-password
-mv $D/tmp/common-password $D/etc/pam.d/common-password
-echo -e "password\toptional\t\t\tpam_smbpass.so nullok use_authtok use_first_pass" >> $D/etc/pam.d/common-password
-
-if [ -n "$D" ]; then
-	grep -qE '^kids:' $D/etc/passwd
-	if [[ $? -ne 0 ]] ; then
-		echo 'kids:x:500:500:Linux User,,,:/media:/bin/false' >> $D/etc/passwd
-		echo 'kids:!:16560:0:99999:7:::' >> $D/etc/shadow
-	fi
-fi
-
-if [ -z "$D" ]; then
-	[ -e /etc/samba/private/smbpasswd ] || touch /etc/samba/private/smbpasswd
-
-	grep -qE '^root:' /etc/samba/private/smbpasswd
-	if [[ $? -ne 0 ]] ; then
-		smbpasswd -Ln root >/dev/null
-	fi
-
-	grep -qE '^kids:' /etc/passwd
-	if [[ $? -ne 0 ]] ; then
-		adduser -h /media -s /bin/false -H -D -u 500 kids 2>/dev/null || adduser -h /media -s /bin/false -H -D kids
-	fi
-
-	grep -qE '^kids:' /etc/samba/private/smbpasswd
-	if [[ $? -ne 0 ]] ; then
-		smbpasswd -Ln kids >/dev/null
-	fi
-fi
-}
+SMB_SERVICE="${systemd_unitdir}/system/nmb.service ${systemd_unitdir}/system/smb.service"
+SMB_SYSV="${sysconfdir}/init.d ${sysconfdir}/rc?.d"
+FILES_${PN}-base +="${@bb.utils.contains('DISTRO_FEATURES', 'systemd', '${SMB_SERVICE}', '', d)}"
+FILES_${PN}-base +="${@bb.utils.contains('DISTRO_FEATURES', 'sysvinit', '${SMB_SYSV}', '', d)}"
+
+FILES_${PN}-dbg += "${libdir}/samba/idmap/.debug/* \
+                    ${libdir}/samba/pdb/.debug/* \
+                    ${libdir}/samba/auth/.debug/* \
+                    ${libdir}/samba/nss_info/.debug/* \
+                    ${libdir}/samba/ldb/.debug/* \
+                    ${libdir}/samba/vfs/.debug/* \
+                    ${base_libdir}/security/.debug/pam_smbpass.so \
+"
 
-pkg_postinst_${PN}server() {
-#!/bin/sh
-if type update-rc.d >/dev/null 2>/dev/null; then
-	cp -a $D/etc/init.d/upgrade $D/etc/init.d/samba-upgrade
-	if [ -n "$D" ]; then
-		OPT="-f -r $D"
-	else
-		OPT="-f"
-	fi
-	update-rc.d $OPT samba-upgrade defaults
-	echo "Samba upgrade will be performed on next system boot!"
-fi
+FILES_libwinbind = "${base_libdir}/security/pam_winbind.so"
+FILES_libwinbind += "${@bb.utils.contains('DISTRO_FEATURES', 'systemd', '${systemd_unitdir}/system/winbind.service', '', d)}"
+FILES_libwinbind-dbg = "${base_libdir}/security/.debug/pam_winbind.so"
+FILES_libwinbind-krb5-locator = "${libdir}/winbind_krb5_locator.so"
+
+FILES_${PN}-python = "${libdir}/python${PYTHON_BASEVERSION}/site-packages/*.so \
+                      ${libdir}/python${PYTHON_BASEVERSION}/site-packages/_ldb_text.py \
+                      ${libdir}/python${PYTHON_BASEVERSION}/site-packages/samba/*.py \
+                      ${libdir}/python${PYTHON_BASEVERSION}/site-packages/samba/*.so \
+                      ${libdir}/python${PYTHON_BASEVERSION}/site-packages/samba/dcerpc/*.so \
+                      ${libdir}/python${PYTHON_BASEVERSION}/site-packages/samba/dcerpc/*.py \
+                      ${libdir}/python${PYTHON_BASEVERSION}/site-packages/samba/external/* \
+                      ${libdir}/python${PYTHON_BASEVERSION}/site-packages/samba/kcc/* \
+                      ${libdir}/python${PYTHON_BASEVERSION}/site-packages/samba/netcmd/*.py \
+                      ${libdir}/python${PYTHON_BASEVERSION}/site-packages/samba/provision/*.py \
+                      ${libdir}/python${PYTHON_BASEVERSION}/site-packages/samba/samba3/*.py \
+                      ${libdir}/python${PYTHON_BASEVERSION}/site-packages/samba/samba3/*.so \
+                      ${libdir}/python${PYTHON_BASEVERSION}/site-packages/samba/subunit/* \
+                      ${libdir}/python${PYTHON_BASEVERSION}/site-packages/samba/tests/* \
+                      ${libdir}/python${PYTHON_BASEVERSION}/site-packages/samba/third_party/* \
+                      ${libdir}/python${PYTHON_BASEVERSION}/site-packages/samba/web_server/* \
+"
 
-}
+FILES_${PN}-python-dbg = "${libdir}/python${PYTHON_BASEVERSION}/site-packages/.debug/* \
+                          ${libdir}/python${PYTHON_BASEVERSION}/site-packages/samba/.debug/* \
+                          ${libdir}/python${PYTHON_BASEVERSION}/site-packages/samba/samba3/.debug/* \
+                          ${libdir}/python${PYTHON_BASEVERSION}/site-packages/samba/dcerpc/.debug/* \
+"
+
+RDEPENDS_${PN}-pidl_append = " perl"
+FILES_${PN}-pidl = "${bindir}/pidl ${datadir}/perl5/Parse"
